<?xml version="1.0" encoding="UTF-8"?>
<!-- Generated by org.testng.reporters.JUnitReportReporter -->
<testsuite hostname="LAPTOP-SAV1F6NG" failures="0" tests="5" name="TestRunner.TestNGTestRunner" time="56.238" errors="0" timestamp="2025-09-14T12:08:20 IST" skipped="0">
  <testcase classname="TestRunner.TestNGTestRunner" name="runScenario" time="10.452"/>
  <testcase classname="TestRunner.TestNGTestRunner" name="runScenario" time="10.400"/>
  <testcase classname="TestRunner.TestNGTestRunner" name="runScenario" time="10.517"/>
  <testcase classname="TestRunner.TestNGTestRunner" name="runScenario" time="14.274"/>
  <testcase classname="TestRunner.TestNGTestRunner" name="runScenario" time="10.595"/>
</testsuite> <!-- TestRunner.TestNGTestRunner -->
