<?xml version="1.0" encoding="UTF-8"?>
<!-- Generated by org.testng.reporters.JUnitReportReporter -->
<testsuite hostname="LAPTOP-SAV1F6NG" failures="0" tests="1" name="TestRunner.TestNGTestRunner" time="5.701" errors="0" timestamp="2025-09-10T14:54:40 IST" skipped="0">
  <testcase classname="TestRunner.TestNGTestRunner" name="runScenario" time="5.701"/>
</testsuite> <!-- TestRunner.TestNGTestRunner -->
